2018-01-19 10:10:08,160 ERROR [Worker-4] - System.err - log4j:WARN No appenders could be found for logger (org.eclipse.xtext.ui.internal.Activator).
2018-01-19 10:10:08,171 ERROR [Worker-4] - System.err - log4j:WARN Please initialize the log4j system properly.
2018-01-22 10:03:47,319 ERROR [org.eclipse.jdt.internal.ui.text.JavaReconciler] - System.err - log4j:WARN No appenders could be found for logger (org.eclipse.xtext.ui.internal.Activator).
2018-01-22 10:03:47,366 ERROR [org.eclipse.jdt.internal.ui.text.JavaReconciler] - System.err - log4j:WARN Please initialize the log4j system properly.
2018-01-22 10:30:54,095 ERROR [org.eclipse.jdt.internal.ui.text.JavaReconciler] - System.err - log4j:WARN No appenders could be found for logger (org.eclipse.xtext.ui.internal.Activator).
2018-01-22 10:30:54,097 ERROR [org.eclipse.jdt.internal.ui.text.JavaReconciler] - System.err - log4j:WARN Please initialize the log4j system properly.
2018-01-23 10:35:00,491 ERROR [Worker-5] - System.err - log4j:WARN No appenders could be found for logger (org.eclipse.xtext.ui.internal.Activator).
2018-01-23 10:35:00,513 ERROR [Worker-5] - System.err - log4j:WARN Please initialize the log4j system properly.
2018-01-23 13:53:56,552 ERROR [Worker-4] - System.err - log4j:WARN No appenders could be found for logger (org.eclipse.xtext.ui.internal.Activator).
2018-01-23 13:53:56,553 ERROR [Worker-4] - System.err - log4j:WARN Please initialize the log4j system properly.
2018-01-23 15:07:16,414 ERROR [OkHttp ConnectionPool] - System.err - 一月 23, 2018 3:07:16 下午 okhttp3.internal.platform.Platform log
警告: A connection to https://repo.maven.apache.org/ was leaked. Did you forget to close a response body? To see where this was allocated, set the OkHttpClient logger level to FINE: Logger.getLogger(OkHttpClient.class.getName()).setLevel(Level.FINE);
2018-01-24 09:56:08,944 ERROR [org.eclipse.jdt.internal.ui.text.JavaReconciler] - System.err - log4j:WARN No appenders could be found for logger (org.eclipse.xtext.ui.internal.Activator).
2018-01-24 09:56:08,958 ERROR [org.eclipse.jdt.internal.ui.text.JavaReconciler] - System.err - log4j:WARN Please initialize the log4j system properly.
2018-01-25 10:00:44,255 ERROR [org.eclipse.jdt.internal.ui.text.JavaReconciler] - System.err - log4j:WARN No appenders could be found for logger (org.eclipse.xtext.ui.internal.Activator).
2018-01-25 10:00:44,266 ERROR [org.eclipse.jdt.internal.ui.text.JavaReconciler] - System.err - log4j:WARN Please initialize the log4j system properly.
2018-01-26 10:36:46,144 ERROR [Worker-5] - System.err - log4j:WARN No appenders could be found for logger (org.eclipse.xtext.ui.internal.Activator).
2018-01-26 10:36:46,149 ERROR [Worker-5] - System.err - log4j:WARN Please initialize the log4j system properly.
2018-01-26 14:28:21,923 ERROR [org.eclipse.jdt.internal.ui.text.JavaReconciler] - System.err - log4j:WARN No appenders could be found for logger (org.eclipse.xtext.ui.internal.Activator).
2018-01-26 14:28:21,929 ERROR [org.eclipse.jdt.internal.ui.text.JavaReconciler] - System.err - log4j:WARN Please initialize the log4j system properly.
2018-01-27 09:56:23,670 ERROR [Worker-3] - System.err - log4j:WARN No appenders could be found for logger (org.eclipse.xtext.ui.internal.Activator).
2018-01-27 09:56:23,680 ERROR [Worker-3] - System.err - log4j:WARN Please initialize the log4j system properly.
2018-01-29 10:17:42,260 ERROR [Worker-2] - System.err - log4j:WARN No appenders could be found for logger (org.eclipse.xtext.ui.internal.Activator).
2018-01-29 10:17:42,273 ERROR [Worker-2] - System.err - log4j:WARN Please initialize the log4j system properly.
2018-01-30 10:22:10,647 ERROR [Worker-12] - System.err - log4j:WARN No appenders could be found for logger (org.eclipse.xtext.ui.internal.Activator).
2018-01-30 10:22:10,722 ERROR [Worker-12] - System.err - log4j:WARN Please initialize the log4j system properly.
2018-01-31 10:00:07,640 ERROR [org.eclipse.jdt.internal.ui.text.JavaReconciler] - System.err - log4j:WARN No appenders could be found for logger (org.eclipse.xtext.ui.internal.Activator).
2018-01-31 10:00:07,648 ERROR [org.eclipse.jdt.internal.ui.text.JavaReconciler] - System.err - log4j:WARN Please initialize the log4j system properly.
2018-01-31 17:42:07,447 ERROR [org.eclipse.jdt.internal.ui.text.JavaReconciler] - System.err - log4j:WARN No appenders could be found for logger (org.eclipse.xtext.ui.internal.Activator).
2018-01-31 17:42:07,455 ERROR [org.eclipse.jdt.internal.ui.text.JavaReconciler] - System.err - log4j:WARN Please initialize the log4j system properly.
2018-02-01 09:56:46,969 ERROR [org.eclipse.jdt.internal.ui.text.JavaReconciler] - System.err - log4j:WARN No appenders could be found for logger (org.eclipse.xtext.ui.internal.Activator).
2018-02-01 09:56:46,970 ERROR [org.eclipse.jdt.internal.ui.text.JavaReconciler] - System.err - log4j:WARN Please initialize the log4j system properly.
2018-02-02 10:46:58,112 ERROR [org.eclipse.jdt.internal.ui.text.JavaReconciler] - System.err - log4j:WARN No appenders could be found for logger (org.eclipse.xtext.ui.internal.Activator).
2018-02-02 10:46:58,142 ERROR [org.eclipse.jdt.internal.ui.text.JavaReconciler] - System.err - log4j:WARN Please initialize the log4j system properly.
2018-02-03 09:56:12,785 ERROR [org.eclipse.jdt.internal.ui.text.JavaReconciler] - System.err - log4j:WARN No appenders could be found for logger (org.eclipse.xtext.ui.internal.Activator).
2018-02-03 09:56:12,800 ERROR [org.eclipse.jdt.internal.ui.text.JavaReconciler] - System.err - log4j:WARN Please initialize the log4j system properly.
2018-02-05 10:17:08,559 ERROR [org.eclipse.jdt.internal.ui.text.JavaReconciler] - System.err - log4j:WARN No appenders could be found for logger (org.eclipse.xtext.ui.internal.Activator).
2018-02-05 10:17:08,575 ERROR [org.eclipse.jdt.internal.ui.text.JavaReconciler] - System.err - log4j:WARN Please initialize the log4j system properly.
2018-02-06 10:06:44,677 ERROR [Worker-3] - System.err - log4j:WARN No appenders could be found for logger (org.eclipse.xtext.ui.internal.Activator).
2018-02-06 10:06:44,719 ERROR [Worker-3] - System.err - log4j:WARN Please initialize the log4j system properly.
2018-02-07 15:37:08,278 ERROR [org.eclipse.jdt.internal.ui.text.JavaReconciler] - System.err - log4j:WARN No appenders could be found for logger (org.eclipse.xtext.ui.internal.Activator).
2018-02-07 15:37:08,284 ERROR [org.eclipse.jdt.internal.ui.text.JavaReconciler] - System.err - log4j:WARN Please initialize the log4j system properly.
2018-02-07 15:44:31,507 ERROR [OkHttp ConnectionPool] - System.err - 二月 07, 2018 3:44:31 下午 okhttp3.internal.platform.Platform log
警告: A connection to https://repo.maven.apache.org/ was leaked. Did you forget to close a response body? To see where this was allocated, set the OkHttpClient logger level to FINE: Logger.getLogger(OkHttpClient.class.getName()).setLevel(Level.FINE);
2018-02-07 15:44:31,508 ERROR [OkHttp ConnectionPool] - System.err - 二月 07, 2018 3:44:31 下午 okhttp3.internal.platform.Platform log
警告: A connection to https://repo.maven.apache.org/ was leaked. Did you forget to close a response body? To see where this was allocated, set the OkHttpClient logger level to FINE: Logger.getLogger(OkHttpClient.class.getName()).setLevel(Level.FINE);
2018-02-08 10:45:02,052 ERROR [org.eclipse.jdt.internal.ui.text.JavaReconciler] - System.err - log4j:WARN No appenders could be found for logger (org.eclipse.xtext.ui.internal.Activator).
2018-02-08 10:45:02,061 ERROR [org.eclipse.jdt.internal.ui.text.JavaReconciler] - System.err - log4j:WARN Please initialize the log4j system properly.
2018-02-08 14:32:21,611 ERROR [org.eclipse.jdt.internal.ui.text.JavaReconciler] - System.err - log4j:WARN No appenders could be found for logger (org.eclipse.xtext.ui.internal.Activator).
2018-02-08 14:32:21,619 ERROR [org.eclipse.jdt.internal.ui.text.JavaReconciler] - System.err - log4j:WARN Please initialize the log4j system properly.
2018-02-08 15:23:01,603 ERROR [org.eclipse.jdt.internal.ui.text.JavaReconciler] - System.err - log4j:WARN No appenders could be found for logger (org.eclipse.xtext.ui.internal.Activator).
2018-02-08 15:23:01,604 ERROR [org.eclipse.jdt.internal.ui.text.JavaReconciler] - System.err - log4j:WARN Please initialize the log4j system properly.
2018-02-09 10:52:11,283 ERROR [org.eclipse.jdt.internal.ui.text.JavaReconciler] - System.err - log4j:WARN No appenders could be found for logger (org.eclipse.xtext.ui.internal.Activator).
2018-02-09 10:52:11,306 ERROR [org.eclipse.jdt.internal.ui.text.JavaReconciler] - System.err - log4j:WARN Please initialize the log4j system properly.
2018-02-10 10:51:45,176 ERROR [org.eclipse.jdt.internal.ui.text.JavaReconciler] - System.err - log4j:WARN No appenders could be found for logger (org.eclipse.xtext.ui.internal.Activator).
2018-02-10 10:51:45,187 ERROR [org.eclipse.jdt.internal.ui.text.JavaReconciler] - System.err - log4j:WARN Please initialize the log4j system properly.
2018-02-11 10:41:28,521 ERROR [Worker-14] - System.err - log4j:WARN No appenders could be found for logger (org.eclipse.xtext.ui.internal.Activator).
2018-02-11 10:41:28,531 ERROR [Worker-14] - System.err - log4j:WARN Please initialize the log4j system properly.
2018-02-22 10:00:05,586 ERROR [org.eclipse.jdt.internal.ui.text.JavaReconciler] - System.err - log4j:WARN No appenders could be found for logger (org.eclipse.xtext.ui.internal.Activator).
2018-02-22 10:00:05,594 ERROR [org.eclipse.jdt.internal.ui.text.JavaReconciler] - System.err - log4j:WARN Please initialize the log4j system properly.
2018-02-22 16:41:15,156 ERROR [Worker-225] - System.err - org.eclipse.core.internal.resources.ResourceException: Project 'client' is not open.
2018-02-22 16:41:15,158 ERROR [Worker-225] - System.err - at org.eclipse.core.internal.resources.Project.checkAccessible(Project.java:144)
2018-02-22 16:41:15,158 ERROR [Worker-225] - System.err - at org.eclipse.core.internal.resources.Project.getNature(Project.java:401)
2018-02-22 16:41:15,158 ERROR [Worker-225] - System.err - at org.springframework.ide.eclipse.roo.ui.internal.listener.RooProjectDecorator.decorate(RooProjectDecorator.java:57)
2018-02-22 16:41:15,158 ERROR [Worker-225] - System.err - at org.eclipse.ui.internal.decorators.LightweightDecoratorDefinition.decorate(LightweightDecoratorDefinition.java:259)
2018-02-22 16:41:15,158 ERROR [Worker-225] - System.err - at org.eclipse.ui.internal.decorators.LightweightDecoratorManager$LightweightRunnable.run(LightweightDecoratorManager.java:104)
2018-02-22 16:41:15,158 ERROR [Worker-225] - System.err - at org.eclipse.core.runtime.SafeRunner.run(SafeRunner.java:42)
2018-02-22 16:41:15,158 ERROR [Worker-225] - System.err - at org.eclipse.ui.internal.decorators.LightweightDecoratorManager.decorate(LightweightDecoratorManager.java:377)
2018-02-22 16:41:15,158 ERROR [Worker-225] - System.err - at org.eclipse.ui.internal.decorators.LightweightDecoratorManager.getDecorations(LightweightDecoratorManager.java:359)
2018-02-22 16:41:15,159 ERROR [Worker-225] - System.err - at org.eclipse.ui.internal.decorators.DecorationScheduler$1.ensureResultCached(DecorationScheduler.java:347)
2018-02-22 16:41:15,159 ERROR [Worker-225] - System.err - at org.eclipse.ui.internal.decorators.DecorationScheduler$1.run(DecorationScheduler.java:311)
2018-02-22 16:41:15,159 ERROR [Worker-225] - System.err - at org.eclipse.core.internal.jobs.Worker.run(Worker.java:56)
2018-02-22 16:41:15,161 ERROR [Worker-225] - System.err - org.eclipse.core.internal.resources.ResourceException: Project 'client' is not open.
2018-02-22 16:41:15,161 ERROR [Worker-225] - System.err - at org.eclipse.core.internal.resources.Project.checkAccessible(Project.java:144)
2018-02-22 16:41:15,161 ERROR [Worker-225] - System.err - at org.eclipse.core.internal.resources.Project.getNature(Project.java:401)
2018-02-22 16:41:15,161 ERROR [Worker-225] - System.err - at org.springframework.ide.eclipse.roo.ui.internal.listener.RooProjectDecorator.decorate(RooProjectDecorator.java:57)
2018-02-22 16:41:15,161 ERROR [Worker-225] - System.err - at org.eclipse.ui.internal.decorators.LightweightDecoratorDefinition.decorate(LightweightDecoratorDefinition.java:259)
2018-02-22 16:41:15,161 ERROR [Worker-225] - System.err - at org.eclipse.ui.internal.decorators.LightweightDecoratorManager$LightweightRunnable.run(LightweightDecoratorManager.java:104)
2018-02-22 16:41:15,161 ERROR [Worker-225] - System.err - at org.eclipse.core.runtime.SafeRunner.run(SafeRunner.java:42)
2018-02-22 16:41:15,162 ERROR [Worker-225] - System.err - at org.eclipse.ui.internal.decorators.LightweightDecoratorManager.decorate(LightweightDecoratorManager.java:377)
2018-02-22 16:41:15,162 ERROR [Worker-225] - System.err - at org.eclipse.ui.internal.decorators.LightweightDecoratorManager.getDecorations(LightweightDecoratorManager.java:359)
2018-02-22 16:41:15,162 ERROR [Worker-225] - System.err - at org.eclipse.ui.internal.decorators.DecorationScheduler$1.ensureResultCached(DecorationScheduler.java:347)
2018-02-22 16:41:15,162 ERROR [Worker-225] - System.err - at org.eclipse.ui.internal.decorators.DecorationScheduler$1.run(DecorationScheduler.java:311)
2018-02-22 16:41:15,162 ERROR [Worker-225] - System.err - at org.eclipse.core.internal.jobs.Worker.run(Worker.java:56)
2018-02-22 16:41:15,163 ERROR [Worker-225] - System.err - org.eclipse.core.internal.resources.ResourceException: Project 'client' is not open.
2018-02-22 16:41:15,163 ERROR [Worker-225] - System.err - at org.eclipse.core.internal.resources.Project.checkAccessible(Project.java:144)
2018-02-22 16:41:15,163 ERROR [Worker-225] - System.err - at org.eclipse.core.internal.resources.Project.getNature(Project.java:401)
2018-02-22 16:41:15,163 ERROR [Worker-225] - System.err - at org.springframework.ide.eclipse.roo.ui.internal.listener.RooProjectDecorator.decorate(RooProjectDecorator.java:57)
2018-02-22 16:41:15,163 ERROR [Worker-225] - System.err - at org.eclipse.ui.internal.decorators.LightweightDecoratorDefinition.decorate(LightweightDecoratorDefinition.java:259)
2018-02-22 16:41:15,163 ERROR [Worker-225] - System.err - at org.eclipse.ui.internal.decorators.LightweightDecoratorManager$LightweightRunnable.run(LightweightDecoratorManager.java:104)
2018-02-22 16:41:15,163 ERROR [Worker-225] - System.err - at org.eclipse.core.runtime.SafeRunner.run(SafeRunner.java:42)
2018-02-22 16:41:15,163 ERROR [Worker-225] - System.err - at org.eclipse.ui.internal.decorators.LightweightDecoratorManager.decorate(LightweightDecoratorManager.java:377)
2018-02-22 16:41:15,163 ERROR [Worker-225] - System.err - at org.eclipse.ui.internal.decorators.LightweightDecoratorManager.getDecorations(LightweightDecoratorManager.java:359)
2018-02-22 16:41:15,163 ERROR [Worker-225] - System.err - at org.eclipse.ui.internal.decorators.DecorationScheduler$1.ensureResultCached(DecorationScheduler.java:347)
2018-02-22 16:41:15,163 ERROR [Worker-225] - System.err - at org.eclipse.ui.internal.decorators.DecorationScheduler$1.run(DecorationScheduler.java:311)
2018-02-22 16:41:15,163 ERROR [Worker-225] - System.err - at org.eclipse.core.internal.jobs.Worker.run(Worker.java:56)
2018-02-22 16:41:15,164 ERROR [Worker-225] - System.err - org.eclipse.core.internal.resources.ResourceException: Project 'client' is not open.
2018-02-22 16:41:15,164 ERROR [Worker-225] - System.err - at org.eclipse.core.internal.resources.Project.checkAccessible(Project.java:144)
2018-02-22 16:41:15,164 ERROR [Worker-225] - System.err - at org.eclipse.core.internal.resources.Project.getNature(Project.java:401)
2018-02-22 16:41:15,164 ERROR [Worker-225] - System.err - at org.springframework.ide.eclipse.roo.ui.internal.listener.RooProjectDecorator.decorate(RooProjectDecorator.java:57)
2018-02-22 16:41:15,164 ERROR [Worker-225] - System.err - at org.eclipse.ui.internal.decorators.LightweightDecoratorDefinition.decorate(LightweightDecoratorDefinition.java:259)
2018-02-22 16:41:15,164 ERROR [Worker-225] - System.err - at org.eclipse.ui.internal.decorators.LightweightDecoratorManager$LightweightRunnable.run(LightweightDecoratorManager.java:104)
2018-02-22 16:41:15,164 ERROR [Worker-225] - System.err - at org.eclipse.core.runtime.SafeRunner.run(SafeRunner.java:42)
2018-02-22 16:41:15,164 ERROR [Worker-225] - System.err - at org.eclipse.ui.internal.decorators.LightweightDecoratorManager.decorate(LightweightDecoratorManager.java:377)
2018-02-22 16:41:15,164 ERROR [Worker-225] - System.err - at org.eclipse.ui.internal.decorators.LightweightDecoratorManager.getDecorations(LightweightDecoratorManager.java:359)
2018-02-22 16:41:15,164 ERROR [Worker-225] - System.err - at org.eclipse.ui.internal.decorators.DecorationScheduler$1.ensureResultCached(DecorationScheduler.java:347)
2018-02-22 16:41:15,164 ERROR [Worker-225] - System.err - at org.eclipse.ui.internal.decorators.DecorationScheduler$1.run(DecorationScheduler.java:311)
2018-02-22 16:41:15,165 ERROR [Worker-225] - System.err - at org.eclipse.core.internal.jobs.Worker.run(Worker.java:56)
2018-02-22 16:41:15,165 ERROR [Worker-225] - System.err - org.eclipse.core.internal.resources.ResourceException: Project 'client' is not open.
2018-02-22 16:41:15,165 ERROR [Worker-225] - System.err - at org.eclipse.core.internal.resources.Project.checkAccessible(Project.java:144)
2018-02-22 16:41:15,165 ERROR [Worker-225] - System.err - at org.eclipse.core.internal.resources.Project.getNature(Project.java:401)
2018-02-22 16:41:15,165 ERROR [Worker-225] - System.err - at org.springframework.ide.eclipse.roo.ui.internal.listener.RooProjectDecorator.decorate(RooProjectDecorator.java:57)
2018-02-22 16:41:15,165 ERROR [Worker-225] - System.err - at org.eclipse.ui.internal.decorators.LightweightDecoratorDefinition.decorate(LightweightDecoratorDefinition.java:259)
2018-02-22 16:41:15,165 ERROR [Worker-225] - System.err - at org.eclipse.ui.internal.decorators.LightweightDecoratorManager$LightweightRunnable.run(LightweightDecoratorManager.java:104)
2018-02-22 16:41:15,165 ERROR [Worker-225] - System.err - at org.eclipse.core.runtime.SafeRunner.run(SafeRunner.java:42)
2018-02-22 16:41:15,165 ERROR [Worker-225] - System.err - at org.eclipse.ui.internal.decorators.LightweightDecoratorManager.decorate(LightweightDecoratorManager.java:377)
2018-02-22 16:41:15,165 ERROR [Worker-225] - System.err - at org.eclipse.ui.internal.decorators.LightweightDecoratorManager.getDecorations(LightweightDecoratorManager.java:359)
2018-02-22 16:41:15,165 ERROR [Worker-225] - System.err - at org.eclipse.ui.internal.decorators.DecorationScheduler$1.ensureResultCached(DecorationScheduler.java:347)
2018-02-22 16:41:15,165 ERROR [Worker-225] - System.err - at org.eclipse.ui.internal.decorators.DecorationScheduler$1.run(DecorationScheduler.java:311)
2018-02-22 16:41:15,166 ERROR [Worker-225] - System.err - at org.eclipse.core.internal.jobs.Worker.run(Worker.java:56)
2018-02-22 16:41:15,166 ERROR [Worker-225] - System.err - org.eclipse.core.internal.resources.ResourceException: Project 'client' is not open.
2018-02-22 16:41:15,166 ERROR [Worker-225] - System.err - at org.eclipse.core.internal.resources.Project.checkAccessible(Project.java:144)
2018-02-22 16:41:15,166 ERROR [Worker-225] - System.err - at org.eclipse.core.internal.resources.Project.getNature(Project.java:401)
2018-02-22 16:41:15,166 ERROR [Worker-225] - System.err - at org.springframework.ide.eclipse.roo.ui.internal.listener.RooProjectDecorator.decorate(RooProjectDecorator.java:57)
2018-02-22 16:41:15,166 ERROR [Worker-225] - System.err - at org.eclipse.ui.internal.decorators.LightweightDecoratorDefinition.decorate(LightweightDecoratorDefinition.java:259)
2018-02-22 16:41:15,166 ERROR [Worker-225] - System.err - at org.eclipse.ui.internal.decorators.LightweightDecoratorManager$LightweightRunnable.run(LightweightDecoratorManager.java:104)
2018-02-22 16:41:15,166 ERROR [Worker-225] - System.err - at org.eclipse.core.runtime.SafeRunner.run(SafeRunner.java:42)
2018-02-22 16:41:15,166 ERROR [Worker-225] - System.err - at org.eclipse.ui.internal.decorators.LightweightDecoratorManager.decorate(LightweightDecoratorManager.java:377)
2018-02-22 16:41:15,166 ERROR [Worker-225] - System.err - at org.eclipse.ui.internal.decorators.LightweightDecoratorManager.getDecorations(LightweightDecoratorManager.java:359)
2018-02-22 16:41:15,166 ERROR [Worker-225] - System.err - at org.eclipse.ui.internal.decorators.DecorationScheduler$1.ensureResultCached(DecorationScheduler.java:347)
2018-02-22 16:41:15,166 ERROR [Worker-225] - System.err - at org.eclipse.ui.internal.decorators.DecorationScheduler$1.run(DecorationScheduler.java:311)
2018-02-22 16:41:15,166 ERROR [Worker-225] - System.err - at org.eclipse.core.internal.jobs.Worker.run(Worker.java:56)
2018-02-22 16:41:15,167 ERROR [Worker-225] - System.err - org.eclipse.core.internal.resources.ResourceException: Project 'gameserver-common' is not open.
2018-02-22 16:41:15,167 ERROR [Worker-225] - System.err - at org.eclipse.core.internal.resources.Project.checkAccessible(Project.java:144)
2018-02-22 16:41:15,167 ERROR [Worker-225] - System.err - at org.eclipse.core.internal.resources.Project.getNature(Project.java:401)
2018-02-22 16:41:15,167 ERROR [Worker-225] - System.err - at org.springframework.ide.eclipse.roo.ui.internal.listener.RooProjectDecorator.decorate(RooProjectDecorator.java:57)
2018-02-22 16:41:15,167 ERROR [Worker-225] - System.err - at org.eclipse.ui.internal.decorators.LightweightDecoratorDefinition.decorate(LightweightDecoratorDefinition.java:259)
2018-02-22 16:41:15,167 ERROR [Worker-225] - System.err - at org.eclipse.ui.internal.decorators.LightweightDecoratorManager$LightweightRunnable.run(LightweightDecoratorManager.java:104)
2018-02-22 16:41:15,167 ERROR [Worker-225] - System.err - at org.eclipse.core.runtime.SafeRunner.run(SafeRunner.java:42)
2018-02-22 16:41:15,167 ERROR [Worker-225] - System.err - at org.eclipse.ui.internal.decorators.LightweightDecoratorManager.decorate(LightweightDecoratorManager.java:377)
2018-02-22 16:41:15,167 ERROR [Worker-225] - System.err - at org.eclipse.ui.internal.decorators.LightweightDecoratorManager.getDecorations(LightweightDecoratorManager.java:359)
2018-02-22 16:41:15,167 ERROR [Worker-225] - System.err - at org.eclipse.ui.internal.decorators.DecorationScheduler$1.ensureResultCached(DecorationScheduler.java:347)
2018-02-22 16:41:15,167 ERROR [Worker-225] - System.err - at org.eclipse.ui.internal.decorators.DecorationScheduler$1.run(DecorationScheduler.java:311)
2018-02-22 16:41:15,167 ERROR [Worker-225] - System.err - at org.eclipse.core.internal.jobs.Worker.run(Worker.java:56)
2018-02-22 16:41:15,168 ERROR [Worker-225] - System.err - org.eclipse.core.internal.resources.ResourceException: Project 'gameserver-common' is not open.
2018-02-22 16:41:15,168 ERROR [Worker-225] - System.err - at org.eclipse.core.internal.resources.Project.checkAccessible(Project.java:144)
2018-02-22 16:41:15,168 ERROR [Worker-225] - System.err - at org.eclipse.core.internal.resources.Project.getNature(Project.java:401)
2018-02-22 16:41:15,168 ERROR [Worker-225] - System.err - at org.springframework.ide.eclipse.roo.ui.internal.listener.RooProjectDecorator.decorate(RooProjectDecorator.java:57)
2018-02-22 16:41:15,168 ERROR [Worker-225] - System.err - at org.eclipse.ui.internal.decorators.LightweightDecoratorDefinition.decorate(LightweightDecoratorDefinition.java:259)
2018-02-22 16:41:15,168 ERROR [Worker-225] - System.err - at org.eclipse.ui.internal.decorators.LightweightDecoratorManager$LightweightRunnable.run(LightweightDecoratorManager.java:104)
2018-02-22 16:41:15,168 ERROR [Worker-225] - System.err - at org.eclipse.core.runtime.SafeRunner.run(SafeRunner.java:42)
2018-02-22 16:41:15,168 ERROR [Worker-225] - System.err - at org.eclipse.ui.internal.decorators.LightweightDecoratorManager.decorate(LightweightDecoratorManager.java:377)
2018-02-22 16:41:15,168 ERROR [Worker-225] - System.err - at org.eclipse.ui.internal.decorators.LightweightDecoratorManager.getDecorations(LightweightDecoratorManager.java:359)
2018-02-22 16:41:15,168 ERROR [Worker-225] - System.err - at org.eclipse.ui.internal.decorators.DecorationScheduler$1.ensureResultCached(DecorationScheduler.java:347)
2018-02-22 16:41:15,168 ERROR [Worker-225] - System.err - at org.eclipse.ui.internal.decorators.DecorationScheduler$1.run(DecorationScheduler.java:311)
2018-02-22 16:41:15,168 ERROR [Worker-225] - System.err - at org.eclipse.core.internal.jobs.Worker.run(Worker.java:56)
2018-02-22 16:41:15,169 ERROR [Worker-225] - System.err - org.eclipse.core.internal.resources.ResourceException: Project 'gameserver-common' is not open.
2018-02-22 16:41:15,169 ERROR [Worker-225] - System.err - at org.eclipse.core.internal.resources.Project.checkAccessible(Project.java:144)
2018-02-22 16:41:15,169 ERROR [Worker-225] - System.err - at org.eclipse.core.internal.resources.Project.getNature(Project.java:401)
2018-02-22 16:41:15,169 ERROR [Worker-225] - System.err - at org.springframework.ide.eclipse.roo.ui.internal.listener.RooProjectDecorator.decorate(RooProjectDecorator.java:57)
2018-02-22 16:41:15,169 ERROR [Worker-225] - System.err - at org.eclipse.ui.internal.decorators.LightweightDecoratorDefinition.decorate(LightweightDecoratorDefinition.java:259)
2018-02-22 16:41:15,169 ERROR [Worker-225] - System.err - at org.eclipse.ui.internal.decorators.LightweightDecoratorManager$LightweightRunnable.run(LightweightDecoratorManager.java:104)
2018-02-22 16:41:15,169 ERROR [Worker-225] - System.err - at org.eclipse.core.runtime.SafeRunner.run(SafeRunner.java:42)
2018-02-22 16:41:15,169 ERROR [Worker-225] - System.err - at org.eclipse.ui.internal.decorators.LightweightDecoratorManager.decorate(LightweightDecoratorManager.java:377)
2018-02-22 16:41:15,169 ERROR [Worker-225] - System.err - at org.eclipse.ui.internal.decorators.LightweightDecoratorManager.getDecorations(LightweightDecoratorManager.java:359)
2018-02-22 16:41:15,169 ERROR [Worker-225] - System.err - at org.eclipse.ui.internal.decorators.DecorationScheduler$1.ensureResultCached(DecorationScheduler.java:347)
2018-02-22 16:41:15,170 ERROR [Worker-225] - System.err - at org.eclipse.ui.internal.decorators.DecorationScheduler$1.run(DecorationScheduler.java:311)
2018-02-22 16:41:15,170 ERROR [Worker-225] - System.err - at org.eclipse.core.internal.jobs.Worker.run(Worker.java:56)
2018-02-22 16:41:15,170 ERROR [Worker-225] - System.err - org.eclipse.core.internal.resources.ResourceException: Project 'gameserver-common' is not open.
2018-02-22 16:41:15,170 ERROR [Worker-225] - System.err - at org.eclipse.core.internal.resources.Project.checkAccessible(Project.java:144)
2018-02-22 16:41:15,170 ERROR [Worker-225] - System.err - at org.eclipse.core.internal.resources.Project.getNature(Project.java:401)
2018-02-22 16:41:15,170 ERROR [Worker-225] - System.err - at org.springframework.ide.eclipse.roo.ui.internal.listener.RooProjectDecorator.decorate(RooProjectDecorator.java:57)
2018-02-22 16:41:15,170 ERROR [Worker-225] - System.err - at org.eclipse.ui.internal.decorators.LightweightDecoratorDefinition.decorate(LightweightDecoratorDefinition.java:259)
2018-02-22 16:41:15,170 ERROR [Worker-225] - System.err - at org.eclipse.ui.internal.decorators.LightweightDecoratorManager$LightweightRunnable.run(LightweightDecoratorManager.java:104)
2018-02-22 16:41:15,170 ERROR [Worker-225] - System.err - at org.eclipse.core.runtime.SafeRunner.run(SafeRunner.java:42)
2018-02-22 16:41:15,170 ERROR [Worker-225] - System.err - at org.eclipse.ui.internal.decorators.LightweightDecoratorManager.decorate(LightweightDecoratorManager.java:377)
2018-02-22 16:41:15,170 ERROR [Worker-225] - System.err - at org.eclipse.ui.internal.decorators.LightweightDecoratorManager.getDecorations(LightweightDecoratorManager.java:359)
2018-02-22 16:41:15,171 ERROR [Worker-225] - System.err - at org.eclipse.ui.internal.decorators.DecorationScheduler$1.ensureResultCached(DecorationScheduler.java:347)
2018-02-22 16:41:15,171 ERROR [Worker-225] - System.err - at org.eclipse.ui.internal.decorators.DecorationScheduler$1.run(DecorationScheduler.java:311)
2018-02-22 16:41:15,171 ERROR [Worker-225] - System.err - at org.eclipse.core.internal.jobs.Worker.run(Worker.java:56)
2018-02-22 16:41:15,171 ERROR [Worker-225] - System.err - org.eclipse.core.internal.resources.ResourceException: Project 'gameserver-common' is not open.
2018-02-22 16:41:15,171 ERROR [Worker-225] - System.err - at org.eclipse.core.internal.resources.Project.checkAccessible(Project.java:144)
2018-02-22 16:41:15,171 ERROR [Worker-225] - System.err - at org.eclipse.core.internal.resources.Project.getNature(Project.java:401)
2018-02-22 16:41:15,171 ERROR [Worker-225] - System.err - at org.springframework.ide.eclipse.roo.ui.internal.listener.RooProjectDecorator.decorate(RooProjectDecorator.java:57)
2018-02-22 16:41:15,171 ERROR [Worker-225] - System.err - at org.eclipse.ui.internal.decorators.LightweightDecoratorDefinition.decorate(LightweightDecoratorDefinition.java:259)
2018-02-22 16:41:15,171 ERROR [Worker-225] - System.err - at org.eclipse.ui.internal.decorators.LightweightDecoratorManager$LightweightRunnable.run(LightweightDecoratorManager.java:104)
2018-02-22 16:41:15,171 ERROR [Worker-225] - System.err - at org.eclipse.core.runtime.SafeRunner.run(SafeRunner.java:42)
2018-02-22 16:41:15,172 ERROR [Worker-225] - System.err - at org.eclipse.ui.internal.decorators.LightweightDecoratorManager.decorate(LightweightDecoratorManager.java:377)
2018-02-22 16:41:15,172 ERROR [Worker-225] - System.err - at org.eclipse.ui.internal.decorators.LightweightDecoratorManager.getDecorations(LightweightDecoratorManager.java:359)
2018-02-22 16:41:15,172 ERROR [Worker-225] - System.err - at org.eclipse.ui.internal.decorators.DecorationScheduler$1.ensureResultCached(DecorationScheduler.java:347)
2018-02-22 16:41:15,172 ERROR [Worker-225] - System.err - at org.eclipse.ui.internal.decorators.DecorationScheduler$1.run(DecorationScheduler.java:311)
2018-02-22 16:41:15,172 ERROR [Worker-225] - System.err - at org.eclipse.core.internal.jobs.Worker.run(Worker.java:56)
2018-02-22 16:41:15,172 ERROR [Worker-225] - System.err - org.eclipse.core.internal.resources.ResourceException: Project 'gameserver-common' is not open.
2018-02-22 16:41:15,172 ERROR [Worker-225] - System.err - at org.eclipse.core.internal.resources.Project.checkAccessible(Project.java:144)
2018-02-22 16:41:15,172 ERROR [Worker-225] - System.err - at org.eclipse.core.internal.resources.Project.getNature(Project.java:401)
2018-02-22 16:41:15,172 ERROR [Worker-225] - System.err - at org.springframework.ide.eclipse.roo.ui.internal.listener.RooProjectDecorator.decorate(RooProjectDecorator.java:57)
2018-02-22 16:41:15,172 ERROR [Worker-225] - System.err - at org.eclipse.ui.internal.decorators.LightweightDecoratorDefinition.decorate(LightweightDecoratorDefinition.java:259)
2018-02-22 16:41:15,172 ERROR [Worker-225] - System.err - at org.eclipse.ui.internal.decorators.LightweightDecoratorManager$LightweightRunnable.run(LightweightDecoratorManager.java:104)
2018-02-22 16:41:15,172 ERROR [Worker-225] - System.err - at org.eclipse.core.runtime.SafeRunner.run(SafeRunner.java:42)
2018-02-22 16:41:15,172 ERROR [Worker-225] - System.err - at org.eclipse.ui.internal.decorators.LightweightDecoratorManager.decorate(LightweightDecoratorManager.java:377)
2018-02-22 16:41:15,173 ERROR [Worker-225] - System.err - at org.eclipse.ui.internal.decorators.LightweightDecoratorManager.getDecorations(LightweightDecoratorManager.java:359)
2018-02-22 16:41:15,173 ERROR [Worker-225] - System.err - at org.eclipse.ui.internal.decorators.DecorationScheduler$1.ensureResultCached(DecorationScheduler.java:347)
2018-02-22 16:41:15,173 ERROR [Worker-225] - System.err - at org.eclipse.ui.internal.decorators.DecorationScheduler$1.run(DecorationScheduler.java:311)
2018-02-22 16:41:15,173 ERROR [Worker-225] - System.err - at org.eclipse.core.internal.jobs.Worker.run(Worker.java:56)
2018-02-22 16:41:15,179 ERROR [Worker-225] - System.err - org.eclipse.core.internal.resources.ResourceException: Project 'gameserver-engine' is not open.
2018-02-22 16:41:15,180 ERROR [Worker-225] - System.err - at org.eclipse.core.internal.resources.Project.checkAccessible(Project.java:144)
2018-02-22 16:41:15,180 ERROR [Worker-225] - System.err - at org.eclipse.core.internal.resources.Project.getNature(Project.java:401)
2018-02-22 16:41:15,180 ERROR [Worker-225] - System.err - at org.springframework.ide.eclipse.roo.ui.internal.listener.RooProjectDecorator.decorate(RooProjectDecorator.java:57)
2018-02-22 16:41:15,180 ERROR [Worker-225] - System.err - at org.eclipse.ui.internal.decorators.LightweightDecoratorDefinition.decorate(LightweightDecoratorDefinition.java:259)
2018-02-22 16:41:15,180 ERROR [Worker-225] - System.err - at org.eclipse.ui.internal.decorators.LightweightDecoratorManager$LightweightRunnable.run(LightweightDecoratorManager.java:104)
2018-02-22 16:41:15,180 ERROR [Worker-225] - System.err - at org.eclipse.core.runtime.SafeRunner.run(SafeRunner.java:42)
2018-02-22 16:41:15,180 ERROR [Worker-225] - System.err - at org.eclipse.ui.internal.decorators.LightweightDecoratorManager.decorate(LightweightDecoratorManager.java:377)
2018-02-22 16:41:15,180 ERROR [Worker-225] - System.err - at org.eclipse.ui.internal.decorators.LightweightDecoratorManager.getDecorations(LightweightDecoratorManager.java:359)
2018-02-22 16:41:15,180 ERROR [Worker-225] - System.err - at org.eclipse.ui.internal.decorators.DecorationScheduler$1.ensureResultCached(DecorationScheduler.java:347)
2018-02-22 16:41:15,180 ERROR [Worker-225] - System.err - at org.eclipse.ui.internal.decorators.DecorationScheduler$1.run(DecorationScheduler.java:311)
2018-02-22 16:41:15,180 ERROR [Worker-225] - System.err - at org.eclipse.core.internal.jobs.Worker.run(Worker.java:56)
2018-02-22 16:41:15,180 ERROR [Worker-225] - System.err - org.eclipse.core.internal.resources.ResourceException: Project 'gameserver-engine' is not open.
2018-02-22 16:41:15,182 ERROR [Worker-225] - System.err - at org.eclipse.core.internal.resources.Project.checkAccessible(Project.java:144)
2018-02-22 16:41:15,182 ERROR [Worker-225] - System.err - at org.eclipse.core.internal.resources.Project.getNature(Project.java:401)
2018-02-22 16:41:15,182 ERROR [Worker-225] - System.err - at org.springframework.ide.eclipse.roo.ui.internal.listener.RooProjectDecorator.decorate(RooProjectDecorator.java:57)
2018-02-22 16:41:15,182 ERROR [Worker-225] - System.err - at org.eclipse.ui.internal.decorators.LightweightDecoratorDefinition.decorate(LightweightDecoratorDefinition.java:259)
2018-02-22 16:41:15,182 ERROR [Worker-225] - System.err - at org.eclipse.ui.internal.decorators.LightweightDecoratorManager$LightweightRunnable.run(LightweightDecoratorManager.java:104)
2018-02-22 16:41:15,182 ERROR [Worker-225] - System.err - at org.eclipse.core.runtime.SafeRunner.run(SafeRunner.java:42)
2018-02-22 16:41:15,182 ERROR [Worker-225] - System.err - at org.eclipse.ui.internal.decorators.LightweightDecoratorManager.decorate(LightweightDecoratorManager.java:377)
2018-02-22 16:41:15,182 ERROR [Worker-225] - System.err - at org.eclipse.ui.internal.decorators.LightweightDecoratorManager.getDecorations(LightweightDecoratorManager.java:359)
2018-02-22 16:41:15,182 ERROR [Worker-225] - System.err - at org.eclipse.ui.internal.decorators.DecorationScheduler$1.ensureResultCached(DecorationScheduler.java:347)
2018-02-22 16:41:15,182 ERROR [Worker-225] - System.err - at org.eclipse.ui.internal.decorators.DecorationScheduler$1.run(DecorationScheduler.java:311)
2018-02-22 16:41:15,182 ERROR [Worker-225] - System.err - at org.eclipse.core.internal.jobs.Worker.run(Worker.java:56)
2018-02-22 16:41:15,182 ERROR [Worker-225] - System.err - org.eclipse.core.internal.resources.ResourceException: Project 'gameserver-engine' is not open.
2018-02-22 16:41:15,182 ERROR [Worker-225] - System.err - at org.eclipse.core.internal.resources.Project.checkAccessible(Project.java:144)
2018-02-22 16:41:15,182 ERROR [Worker-225] - System.err - at org.eclipse.core.internal.resources.Project.getNature(Project.java:401)
2018-02-22 16:41:15,182 ERROR [Worker-225] - System.err - at org.springframework.ide.eclipse.roo.ui.internal.listener.RooProjectDecorator.decorate(RooProjectDecorator.java:57)
2018-02-22 16:41:15,182 ERROR [Worker-225] - System.err - at org.eclipse.ui.internal.decorators.LightweightDecoratorDefinition.decorate(LightweightDecoratorDefinition.java:259)
2018-02-22 16:41:15,182 ERROR [Worker-225] - System.err - at org.eclipse.ui.internal.decorators.LightweightDecoratorManager$LightweightRunnable.run(LightweightDecoratorManager.java:104)
2018-02-22 16:41:15,182 ERROR [Worker-225] - System.err - at org.eclipse.core.runtime.SafeRunner.run(SafeRunner.java:42)
2018-02-22 16:41:15,182 ERROR [Worker-225] - System.err - at org.eclipse.ui.internal.decorators.LightweightDecoratorManager.decorate(LightweightDecoratorManager.java:377)
2018-02-22 16:41:15,182 ERROR [Worker-225] - System.err - at org.eclipse.ui.internal.decorators.LightweightDecoratorManager.getDecorations(LightweightDecoratorManager.java:359)
2018-02-22 16:41:15,182 ERROR [Worker-225] - System.err - at org.eclipse.ui.internal.decorators.DecorationScheduler$1.ensureResultCached(DecorationScheduler.java:347)
2018-02-22 16:41:15,182 ERROR [Worker-225] - System.err - at org.eclipse.ui.internal.decorators.DecorationScheduler$1.run(DecorationScheduler.java:311)
2018-02-22 16:41:15,182 ERROR [Worker-225] - System.err - at org.eclipse.core.internal.jobs.Worker.run(Worker.java:56)
2018-02-22 16:41:15,182 ERROR [Worker-225] - System.err - org.eclipse.core.internal.resources.ResourceException: Project 'gameserver-engine' is not open.
2018-02-22 16:41:15,183 ERROR [Worker-225] - System.err - at org.eclipse.core.internal.resources.Project.checkAccessible(Project.java:144)
2018-02-22 16:41:15,183 ERROR [Worker-225] - System.err - at org.eclipse.core.internal.resources.Project.getNature(Project.java:401)
2018-02-22 16:41:15,183 ERROR [Worker-225] - System.err - at org.springframework.ide.eclipse.roo.ui.internal.listener.RooProjectDecorator.decorate(RooProjectDecorator.java:57)
2018-02-22 16:41:15,183 ERROR [Worker-225] - System.err - at org.eclipse.ui.internal.decorators.LightweightDecoratorDefinition.decorate(LightweightDecoratorDefinition.java:259)
2018-02-22 16:41:15,183 ERROR [Worker-225] - System.err - at org.eclipse.ui.internal.decorators.LightweightDecoratorManager$LightweightRunnable.run(LightweightDecoratorManager.java:104)
2018-02-22 16:41:15,183 ERROR [Worker-225] - System.err - at org.eclipse.core.runtime.SafeRunner.run(SafeRunner.java:42)
2018-02-22 16:41:15,183 ERROR [Worker-225] - System.err - at org.eclipse.ui.internal.decorators.LightweightDecoratorManager.decorate(LightweightDecoratorManager.java:377)
2018-02-22 16:41:15,183 ERROR [Worker-225] - System.err - at org.eclipse.ui.internal.decorators.LightweightDecoratorManager.getDecorations(LightweightDecoratorManager.java:359)
2018-02-22 16:41:15,183 ERROR [Worker-225] - System.err - at org.eclipse.ui.internal.decorators.DecorationScheduler$1.ensureResultCached(DecorationScheduler.java:347)
2018-02-22 16:41:15,184 ERROR [Worker-225] - System.err - at org.eclipse.ui.internal.decorators.DecorationScheduler$1.run(DecorationScheduler.java:311)
2018-02-22 16:41:15,184 ERROR [Worker-225] - System.err - at org.eclipse.core.internal.jobs.Worker.run(Worker.java:56)
2018-02-22 16:41:15,184 ERROR [Worker-225] - System.err - org.eclipse.core.internal.resources.ResourceException: Project 'gameserver-engine' is not open.
2018-02-22 16:41:15,184 ERROR [Worker-225] - System.err - at org.eclipse.core.internal.resources.Project.checkAccessible(Project.java:144)
2018-02-22 16:41:15,184 ERROR [Worker-225] - System.err - at org.eclipse.core.internal.resources.Project.getNature(Project.java:401)
2018-02-22 16:41:15,184 ERROR [Worker-225] - System.err - at org.springframework.ide.eclipse.roo.ui.internal.listener.RooProjectDecorator.decorate(RooProjectDecorator.java:57)
2018-02-22 16:41:15,184 ERROR [Worker-225] - System.err - at org.eclipse.ui.internal.decorators.LightweightDecoratorDefinition.decorate(LightweightDecoratorDefinition.java:259)
2018-02-22 16:41:15,184 ERROR [Worker-225] - System.err - at org.eclipse.ui.internal.decorators.LightweightDecoratorManager$LightweightRunnable.run(LightweightDecoratorManager.java:104)
2018-02-22 16:41:15,184 ERROR [Worker-225] - System.err - at org.eclipse.core.runtime.SafeRunner.run(SafeRunner.java:42)
2018-02-22 16:41:15,184 ERROR [Worker-225] - System.err - at org.eclipse.ui.internal.decorators.LightweightDecoratorManager.decorate(LightweightDecoratorManager.java:377)
2018-02-22 16:41:15,186 ERROR [Worker-225] - System.err - at org.eclipse.ui.internal.decorators.LightweightDecoratorManager.getDecorations(LightweightDecoratorManager.java:359)
2018-02-22 16:41:15,186 ERROR [Worker-225] - System.err - at org.eclipse.ui.internal.decorators.DecorationScheduler$1.ensureResultCached(DecorationScheduler.java:347)
2018-02-22 16:41:15,186 ERROR [Worker-225] - System.err - at org.eclipse.ui.internal.decorators.DecorationScheduler$1.run(DecorationScheduler.java:311)
2018-02-22 16:41:15,186 ERROR [Worker-225] - System.err - at org.eclipse.core.internal.jobs.Worker.run(Worker.java:56)
2018-02-22 16:41:15,186 ERROR [Worker-225] - System.err - org.eclipse.core.internal.resources.ResourceException: Project 'gameserver-engine' is not open.
2018-02-22 16:41:15,186 ERROR [Worker-225] - System.err - at org.eclipse.core.internal.resources.Project.checkAccessible(Project.java:144)
2018-02-22 16:41:15,186 ERROR [Worker-225] - System.err - at org.eclipse.core.internal.resources.Project.getNature(Project.java:401)
2018-02-22 16:41:15,186 ERROR [Worker-225] - System.err - at org.springframework.ide.eclipse.roo.ui.internal.listener.RooProjectDecorator.decorate(RooProjectDecorator.java:57)
2018-02-22 16:41:15,186 ERROR [Worker-225] - System.err - at org.eclipse.ui.internal.decorators.LightweightDecoratorDefinition.decorate(LightweightDecoratorDefinition.java:259)
2018-02-22 16:41:15,186 ERROR [Worker-225] - System.err - at org.eclipse.ui.internal.decorators.LightweightDecoratorManager$LightweightRunnable.run(LightweightDecoratorManager.java:104)
2018-02-22 16:41:15,186 ERROR [Worker-225] - System.err - at org.eclipse.core.runtime.SafeRunner.run(SafeRunner.java:42)
2018-02-22 16:41:15,186 ERROR [Worker-225] - System.err - at org.eclipse.ui.internal.decorators.LightweightDecoratorManager.decorate(LightweightDecoratorManager.java:377)
2018-02-22 16:41:15,186 ERROR [Worker-225] - System.err - at org.eclipse.ui.internal.decorators.LightweightDecoratorManager.getDecorations(LightweightDecoratorManager.java:359)
2018-02-22 16:41:15,187 ERROR [Worker-225] - System.err - at org.eclipse.ui.internal.decorators.DecorationScheduler$1.ensureResultCached(DecorationScheduler.java:347)
2018-02-22 16:41:15,187 ERROR [Worker-225] - System.err - at org.eclipse.ui.internal.decorators.DecorationScheduler$1.run(DecorationScheduler.java:311)
2018-02-22 16:41:15,187 ERROR [Worker-225] - System.err - at org.eclipse.core.internal.jobs.Worker.run(Worker.java:56)
2018-02-22 16:41:15,187 ERROR [Worker-225] - System.err - org.eclipse.core.internal.resources.ResourceException: Project 'gameserver-model' is not open.
2018-02-22 16:41:15,187 ERROR [Worker-225] - System.err - at org.eclipse.core.internal.resources.Project.checkAccessible(Project.java:144)
2018-02-22 16:41:15,187 ERROR [Worker-225] - System.err - at org.eclipse.core.internal.resources.Project.getNature(Project.java:401)
2018-02-22 16:41:15,187 ERROR [Worker-225] - System.err - at org.springframework.ide.eclipse.roo.ui.internal.listener.RooProjectDecorator.decorate(RooProjectDecorator.java:57)
2018-02-22 16:41:15,187 ERROR [Worker-225] - System.err - at org.eclipse.ui.internal.decorators.LightweightDecoratorDefinition.decorate(LightweightDecoratorDefinition.java:259)
2018-02-22 16:41:15,187 ERROR [Worker-225] - System.err - at org.eclipse.ui.internal.decorators.LightweightDecoratorManager$LightweightRunnable.run(LightweightDecoratorManager.java:104)
2018-02-22 16:41:15,187 ERROR [Worker-225] - System.err - at org.eclipse.core.runtime.SafeRunner.run(SafeRunner.java:42)
2018-02-22 16:41:15,187 ERROR [Worker-225] - System.err - at org.eclipse.ui.internal.decorators.LightweightDecoratorManager.decorate(LightweightDecoratorManager.java:377)
2018-02-22 16:41:15,188 ERROR [Worker-225] - System.err - at org.eclipse.ui.internal.decorators.LightweightDecoratorManager.getDecorations(LightweightDecoratorManager.java:359)
2018-02-22 16:41:15,188 ERROR [Worker-225] - System.err - at org.eclipse.ui.internal.decorators.DecorationScheduler$1.ensureResultCached(DecorationScheduler.java:347)
2018-02-22 16:41:15,188 ERROR [Worker-225] - System.err - at org.eclipse.ui.internal.decorators.DecorationScheduler$1.run(DecorationScheduler.java:311)
2018-02-22 16:41:15,188 ERROR [Worker-225] - System.err - at org.eclipse.core.internal.jobs.Worker.run(Worker.java:56)
2018-02-22 16:41:15,190 ERROR [Worker-225] - System.err - org.eclipse.core.internal.resources.ResourceException: Project 'gameserver-model' is not open.
2018-02-22 16:41:15,190 ERROR [Worker-225] - System.err - at org.eclipse.core.internal.resources.Project.checkAccessible(Project.java:144)
2018-02-22 16:41:15,190 ERROR [Worker-225] - System.err - at org.eclipse.core.internal.resources.Project.getNature(Project.java:401)
2018-02-22 16:41:15,190 ERROR [Worker-225] - System.err - at org.springframework.ide.eclipse.roo.ui.internal.listener.RooProjectDecorator.decorate(RooProjectDecorator.java:57)
2018-02-22 16:41:15,190 ERROR [Worker-225] - System.err - at org.eclipse.ui.internal.decorators.LightweightDecoratorDefinition.decorate(LightweightDecoratorDefinition.java:259)
2018-02-22 16:41:15,190 ERROR [Worker-225] - System.err - at org.eclipse.ui.internal.decorators.LightweightDecoratorManager$LightweightRunnable.run(LightweightDecoratorManager.java:104)
2018-02-22 16:41:15,190 ERROR [Worker-225] - System.err - at org.eclipse.core.runtime.SafeRunner.run(SafeRunner.java:42)
2018-02-22 16:41:15,190 ERROR [Worker-225] - System.err - at org.eclipse.ui.internal.decorators.LightweightDecoratorManager.decorate(LightweightDecoratorManager.java:377)
2018-02-22 16:41:15,190 ERROR [Worker-225] - System.err - at org.eclipse.ui.internal.decorators.LightweightDecoratorManager.getDecorations(LightweightDecoratorManager.java:359)
2018-02-22 16:41:15,191 ERROR [Worker-225] - System.err - at org.eclipse.ui.internal.decorators.DecorationScheduler$1.ensureResultCached(DecorationScheduler.java:347)
2018-02-22 16:41:15,191 ERROR [Worker-225] - System.err - at org.eclipse.ui.internal.decorators.DecorationScheduler$1.run(DecorationScheduler.java:311)
2018-02-22 16:41:15,191 ERROR [Worker-225] - System.err - at org.eclipse.core.internal.jobs.Worker.run(Worker.java:56)
2018-02-22 16:41:15,191 ERROR [Worker-225] - System.err - org.eclipse.core.internal.resources.ResourceException: Project 'gameserver-model' is not open.
2018-02-22 16:41:15,191 ERROR [Worker-225] - System.err - at org.eclipse.core.internal.resources.Project.checkAccessible(Project.java:144)
2018-02-22 16:41:15,191 ERROR [Worker-225] - System.err - at org.eclipse.core.internal.resources.Project.getNature(Project.java:401)
2018-02-22 16:41:15,191 ERROR [Worker-225] - System.err - at org.springframework.ide.eclipse.roo.ui.internal.listener.RooProjectDecorator.decorate(RooProjectDecorator.java:57)
2018-02-22 16:41:15,191 ERROR [Worker-225] - System.err - at org.eclipse.ui.internal.decorators.LightweightDecoratorDefinition.decorate(LightweightDecoratorDefinition.java:259)
2018-02-22 16:41:15,191 ERROR [Worker-225] - System.err - at org.eclipse.ui.internal.decorators.LightweightDecoratorManager$LightweightRunnable.run(LightweightDecoratorManager.java:104)
2018-02-22 16:41:15,191 ERROR [Worker-225] - System.err - at org.eclipse.core.runtime.SafeRunner.run(SafeRunner.java:42)
2018-02-22 16:41:15,191 ERROR [Worker-225] - System.err - at org.eclipse.ui.internal.decorators.LightweightDecoratorManager.decorate(LightweightDecoratorManager.java:377)
2018-02-22 16:41:15,191 ERROR [Worker-225] - System.err - at org.eclipse.ui.internal.decorators.LightweightDecoratorManager.getDecorations(LightweightDecoratorManager.java:359)
2018-02-22 16:41:15,192 ERROR [Worker-225] - System.err - at org.eclipse.ui.internal.decorators.DecorationScheduler$1.ensureResultCached(DecorationScheduler.java:347)
2018-02-22 16:41:15,192 ERROR [Worker-225] - System.err - at org.eclipse.ui.internal.decorators.DecorationScheduler$1.run(DecorationScheduler.java:311)
2018-02-22 16:41:15,192 ERROR [Worker-225] - System.err - at org.eclipse.core.internal.jobs.Worker.run(Worker.java:56)
2018-02-22 16:41:15,192 ERROR [Worker-225] - System.err - org.eclipse.core.internal.resources.ResourceException: Project 'gameserver-model' is not open.
2018-02-22 16:41:15,192 ERROR [Worker-225] - System.err - at org.eclipse.core.internal.resources.Project.checkAccessible(Project.java:144)
2018-02-22 16:41:15,192 ERROR [Worker-225] - System.err - at org.eclipse.core.internal.resources.Project.getNature(Project.java:401)
2018-02-22 16:41:15,192 ERROR [Worker-225] - System.err - at org.springframework.ide.eclipse.roo.ui.internal.listener.RooProjectDecorator.decorate(RooProjectDecorator.java:57)
2018-02-22 16:41:15,192 ERROR [Worker-225] - System.err - at org.eclipse.ui.internal.decorators.LightweightDecoratorDefinition.decorate(LightweightDecoratorDefinition.java:259)
2018-02-22 16:41:15,192 ERROR [Worker-225] - System.err - at org.eclipse.ui.internal.decorators.LightweightDecoratorManager$LightweightRunnable.run(LightweightDecoratorManager.java:104)
2018-02-22 16:41:15,193 ERROR [Worker-225] - System.err - at org.eclipse.core.runtime.SafeRunner.run(SafeRunner.java:42)
2018-02-22 16:41:15,193 ERROR [Worker-225] - System.err - at org.eclipse.ui.internal.decorators.LightweightDecoratorManager.decorate(LightweightDecoratorManager.java:377)
2018-02-22 16:41:15,193 ERROR [Worker-225] - System.err - at org.eclipse.ui.internal.decorators.LightweightDecoratorManager.getDecorations(LightweightDecoratorManager.java:359)
2018-02-22 16:41:15,193 ERROR [Worker-225] - System.err - at org.eclipse.ui.internal.decorators.DecorationScheduler$1.ensureResultCached(DecorationScheduler.java:347)
2018-02-22 16:41:15,193 ERROR [Worker-225] - System.err - at org.eclipse.ui.internal.decorators.DecorationScheduler$1.run(DecorationScheduler.java:311)
2018-02-22 16:41:15,193 ERROR [Worker-225] - System.err - at org.eclipse.core.internal.jobs.Worker.run(Worker.java:56)
2018-02-22 16:41:15,193 ERROR [Worker-225] - System.err - org.eclipse.core.internal.resources.ResourceException: Project 'gameserver-model' is not open.
2018-02-22 16:41:15,193 ERROR [Worker-225] - System.err - at org.eclipse.core.internal.resources.Project.checkAccessible(Project.java:144)
2018-02-22 16:41:15,193 ERROR [Worker-225] - System.err - at org.eclipse.core.internal.resources.Project.getNature(Project.java:401)
2018-02-22 16:41:15,193 ERROR [Worker-225] - System.err - at org.springframework.ide.eclipse.roo.ui.internal.listener.RooProjectDecorator.decorate(RooProjectDecorator.java:57)
2018-02-22 16:41:15,193 ERROR [Worker-225] - System.err - at org.eclipse.ui.internal.decorators.LightweightDecoratorDefinition.decorate(LightweightDecoratorDefinition.java:259)
2018-02-22 16:41:15,193 ERROR [Worker-225] - System.err - at org.eclipse.ui.internal.decorators.LightweightDecoratorManager$LightweightRunnable.run(LightweightDecoratorManager.java:104)
2018-02-22 16:41:15,193 ERROR [Worker-225] - System.err - at org.eclipse.core.runtime.SafeRunner.run(SafeRunner.java:42)
2018-02-22 16:41:15,193 ERROR [Worker-225] - System.err - at org.eclipse.ui.internal.decorators.LightweightDecoratorManager.decorate(LightweightDecoratorManager.java:377)
2018-02-22 16:41:15,193 ERROR [Worker-225] - System.err - at org.eclipse.ui.internal.decorators.LightweightDecoratorManager.getDecorations(LightweightDecoratorManager.java:359)
2018-02-22 16:41:15,194 ERROR [Worker-225] - System.err - at org.eclipse.ui.internal.decorators.DecorationScheduler$1.ensureResultCached(DecorationScheduler.java:347)
2018-02-22 16:41:15,194 ERROR [Worker-225] - System.err - at org.eclipse.ui.internal.decorators.DecorationScheduler$1.run(DecorationScheduler.java:311)
2018-02-22 16:41:15,194 ERROR [Worker-225] - System.err - at org.eclipse.core.internal.jobs.Worker.run(Worker.java:56)
2018-02-22 16:41:15,194 ERROR [Worker-225] - System.err - org.eclipse.core.internal.resources.ResourceException: Project 'gameserver-model' is not open.
2018-02-22 16:41:15,194 ERROR [Worker-225] - System.err - at org.eclipse.core.internal.resources.Project.checkAccessible(Project.java:144)
2018-02-22 16:41:15,194 ERROR [Worker-225] - System.err - at org.eclipse.core.internal.resources.Project.getNature(Project.java:401)
2018-02-22 16:41:15,194 ERROR [Worker-225] - System.err - at org.springframework.ide.eclipse.roo.ui.internal.listener.RooProjectDecorator.decorate(RooProjectDecorator.java:57)
2018-02-22 16:41:15,194 ERROR [Worker-225] - System.err - at org.eclipse.ui.internal.decorators.LightweightDecoratorDefinition.decorate(LightweightDecoratorDefinition.java:259)
2018-02-22 16:41:15,194 ERROR [Worker-225] - System.err - at org.eclipse.ui.internal.decorators.LightweightDecoratorManager$LightweightRunnable.run(LightweightDecoratorManager.java:104)
2018-02-22 16:41:15,194 ERROR [Worker-225] - System.err - at org.eclipse.core.runtime.SafeRunner.run(SafeRunner.java:42)
2018-02-22 16:41:15,194 ERROR [Worker-225] - System.err - at org.eclipse.ui.internal.decorators.LightweightDecoratorManager.decorate(LightweightDecoratorManager.java:377)
2018-02-22 16:41:15,194 ERROR [Worker-225] - System.err - at org.eclipse.ui.internal.decorators.LightweightDecoratorManager.getDecorations(LightweightDecoratorManager.java:359)
2018-02-22 16:41:15,194 ERROR [Worker-225] - System.err - at org.eclipse.ui.internal.decorators.DecorationScheduler$1.ensureResultCached(DecorationScheduler.java:347)
2018-02-22 16:41:15,194 ERROR [Worker-225] - System.err - at org.eclipse.ui.internal.decorators.DecorationScheduler$1.run(DecorationScheduler.java:311)
2018-02-22 16:41:15,194 ERROR [Worker-225] - System.err - at org.eclipse.core.internal.jobs.Worker.run(Worker.java:56)
2018-02-22 16:41:15,202 ERROR [Worker-225] - System.err - org.eclipse.core.internal.resources.ResourceException: Project 'gameserver-roleplay-message' is not open.
2018-02-22 16:41:15,202 ERROR [Worker-225] - System.err - at org.eclipse.core.internal.resources.Project.checkAccessible(Project.java:144)
2018-02-22 16:41:15,202 ERROR [Worker-225] - System.err - at org.eclipse.core.internal.resources.Project.getNature(Project.java:401)
2018-02-22 16:41:15,202 ERROR [Worker-225] - System.err - at org.springframework.ide.eclipse.roo.ui.internal.listener.RooProjectDecorator.decorate(RooProjectDecorator.java:57)
2018-02-22 16:41:15,202 ERROR [Worker-225] - System.err - at org.eclipse.ui.internal.decorators.LightweightDecoratorDefinition.decorate(LightweightDecoratorDefinition.java:259)
2018-02-22 16:41:15,202 ERROR [Worker-225] - System.err - at org.eclipse.ui.internal.decorators.LightweightDecoratorManager$LightweightRunnable.run(LightweightDecoratorManager.java:104)
2018-02-22 16:41:15,202 ERROR [Worker-225] - System.err - at org.eclipse.core.runtime.SafeRunner.run(SafeRunner.java:42)
2018-02-22 16:41:15,202 ERROR [Worker-225] - System.err - at org.eclipse.ui.internal.decorators.LightweightDecoratorManager.decorate(LightweightDecoratorManager.java:377)
2018-02-22 16:41:15,202 ERROR [Worker-225] - System.err - at org.eclipse.ui.internal.decorators.LightweightDecoratorManager.getDecorations(LightweightDecoratorManager.java:359)
2018-02-22 16:41:15,202 ERROR [Worker-225] - System.err - at org.eclipse.ui.internal.decorators.DecorationScheduler$1.ensureResultCached(DecorationScheduler.java:347)
2018-02-22 16:41:15,202 ERROR [Worker-225] - System.err - at org.eclipse.ui.internal.decorators.DecorationScheduler$1.run(DecorationScheduler.java:311)
2018-02-22 16:41:15,202 ERROR [Worker-225] - System.err - at org.eclipse.core.internal.jobs.Worker.run(Worker.java:56)
2018-02-22 16:41:15,203 ERROR [Worker-225] - System.err - org.eclipse.core.internal.resources.ResourceException: Project 'gameserver-roleplay-message' is not open.
2018-02-22 16:41:15,203 ERROR [Worker-225] - System.err - at org.eclipse.core.internal.resources.Project.checkAccessible(Project.java:144)
2018-02-22 16:41:15,203 ERROR [Worker-225] - System.err - at org.eclipse.core.internal.resources.Project.getNature(Project.java:401)
2018-02-22 16:41:15,203 ERROR [Worker-225] - System.err - at org.springframework.ide.eclipse.roo.ui.internal.listener.RooProjectDecorator.decorate(RooProjectDecorator.java:57)
2018-02-22 16:41:15,203 ERROR [Worker-225] - System.err - at org.eclipse.ui.internal.decorators.LightweightDecoratorDefinition.decorate(LightweightDecoratorDefinition.java:259)
2018-02-22 16:41:15,203 ERROR [Worker-225] - System.err - at org.eclipse.ui.internal.decorators.LightweightDecoratorManager$LightweightRunnable.run(LightweightDecoratorManager.java:104)
2018-02-22 16:41:15,203 ERROR [Worker-225] - System.err - at org.eclipse.core.runtime.SafeRunner.run(SafeRunner.java:42)
2018-02-22 16:41:15,203 ERROR [Worker-225] - System.err - at org.eclipse.ui.internal.decorators.LightweightDecoratorManager.decorate(LightweightDecoratorManager.java:377)
2018-02-22 16:41:15,203 ERROR [Worker-225] - System.err - at org.eclipse.ui.internal.decorators.LightweightDecoratorManager.getDecorations(LightweightDecoratorManager.java:359)
2018-02-22 16:41:15,203 ERROR [Worker-225] - System.err - at org.eclipse.ui.internal.decorators.DecorationScheduler$1.ensureResultCached(DecorationScheduler.java:347)
2018-02-22 16:41:15,203 ERROR [Worker-225] - System.err - at org.eclipse.ui.internal.decorators.DecorationScheduler$1.run(DecorationScheduler.java:311)
2018-02-22 16:41:15,203 ERROR [Worker-225] - System.err - at org.eclipse.core.internal.jobs.Worker.run(Worker.java:56)
2018-02-22 16:41:15,203 ERROR [Worker-225] - System.err - org.eclipse.core.internal.resources.ResourceException: Project 'gameserver-roleplay-message' is not open.
2018-02-22 16:41:15,204 ERROR [Worker-225] - System.err - at org.eclipse.core.internal.resources.Project.checkAccessible(Project.java:144)
2018-02-22 16:41:15,204 ERROR [Worker-225] - System.err - at org.eclipse.core.internal.resources.Project.getNature(Project.java:401)
2018-02-22 16:41:15,204 ERROR [Worker-225] - System.err - at org.springframework.ide.eclipse.roo.ui.internal.listener.RooProjectDecorator.decorate(RooProjectDecorator.java:57)
2018-02-22 16:41:15,204 ERROR [Worker-225] - System.err - at org.eclipse.ui.internal.decorators.LightweightDecoratorDefinition.decorate(LightweightDecoratorDefinition.java:259)
2018-02-22 16:41:15,204 ERROR [Worker-225] - System.err - at org.eclipse.ui.internal.decorators.LightweightDecoratorManager$LightweightRunnable.run(LightweightDecoratorManager.java:104)
2018-02-22 16:41:15,204 ERROR [Worker-225] - System.err - at org.eclipse.core.runtime.SafeRunner.run(SafeRunner.java:42)
2018-02-22 16:41:15,204 ERROR [Worker-225] - System.err - at org.eclipse.ui.internal.decorators.LightweightDecoratorManager.decorate(LightweightDecoratorManager.java:377)
2018-02-22 16:41:15,204 ERROR [Worker-225] - System.err - at org.eclipse.ui.internal.decorators.LightweightDecoratorManager.getDecorations(LightweightDecoratorManager.java:359)
2018-02-22 16:41:15,204 ERROR [Worker-225] - System.err - at org.eclipse.ui.internal.decorators.DecorationScheduler$1.ensureResultCached(DecorationScheduler.java:347)
2018-02-22 16:41:15,204 ERROR [Worker-225] - System.err - at org.eclipse.ui.internal.decorators.DecorationScheduler$1.run(DecorationScheduler.java:311)
2018-02-22 16:41:15,204 ERROR [Worker-225] - System.err - at org.eclipse.core.internal.jobs.Worker.run(Worker.java:56)
2018-02-22 16:41:15,204 ERROR [Worker-225] - System.err - org.eclipse.core.internal.resources.ResourceException: Project 'gameserver-roleplay-message' is not open.
2018-02-22 16:41:15,204 ERROR [Worker-225] - System.err - at org.eclipse.core.internal.resources.Project.checkAccessible(Project.java:144)
2018-02-22 16:41:15,204 ERROR [Worker-225] - System.err - at org.eclipse.core.internal.resources.Project.getNature(Project.java:401)
2018-02-22 16:41:15,204 ERROR [Worker-225] - System.err - at org.springframework.ide.eclipse.roo.ui.internal.listener.RooProjectDecorator.decorate(RooProjectDecorator.java:57)
2018-02-22 16:41:15,204 ERROR [Worker-225] - System.err - at org.eclipse.ui.internal.decorators.LightweightDecoratorDefinition.decorate(LightweightDecoratorDefinition.java:259)
2018-02-22 16:41:15,204 ERROR [Worker-225] - System.err - at org.eclipse.ui.internal.decorators.LightweightDecoratorManager$LightweightRunnable.run(LightweightDecoratorManager.java:104)
2018-02-22 16:41:15,204 ERROR [Worker-225] - System.err - at org.eclipse.core.runtime.SafeRunner.run(SafeRunner.java:42)
2018-02-22 16:41:15,204 ERROR [Worker-225] - System.err - at org.eclipse.ui.internal.decorators.LightweightDecoratorManager.decorate(LightweightDecoratorManager.java:377)
2018-02-22 16:41:15,204 ERROR [Worker-225] - System.err - at org.eclipse.ui.internal.decorators.LightweightDecoratorManager.getDecorations(LightweightDecoratorManager.java:359)
2018-02-22 16:41:15,204 ERROR [Worker-225] - System.err - at org.eclipse.ui.internal.decorators.DecorationScheduler$1.ensureResultCached(DecorationScheduler.java:347)
2018-02-22 16:41:15,204 ERROR [Worker-225] - System.err - at org.eclipse.ui.internal.decorators.DecorationScheduler$1.run(DecorationScheduler.java:311)
2018-02-22 16:41:15,204 ERROR [Worker-225] - System.err - at org.eclipse.core.internal.jobs.Worker.run(Worker.java:56)
2018-02-22 16:41:15,205 ERROR [Worker-225] - System.err - org.eclipse.core.internal.resources.ResourceException: Project 'gameserver-roleplay-message' is not open.
2018-02-22 16:41:15,205 ERROR [Worker-225] - System.err - at org.eclipse.core.internal.resources.Project.checkAccessible(Project.java:144)
2018-02-22 16:41:15,205 ERROR [Worker-225] - System.err - at org.eclipse.core.internal.resources.Project.getNature(Project.java:401)
2018-02-22 16:41:15,205 ERROR [Worker-225] - System.err - at org.springframework.ide.eclipse.roo.ui.internal.listener.RooProjectDecorator.decorate(RooProjectDecorator.java:57)
2018-02-22 16:41:15,205 ERROR [Worker-225] - System.err - at org.eclipse.ui.internal.decorators.LightweightDecoratorDefinition.decorate(LightweightDecoratorDefinition.java:259)
2018-02-22 16:41:15,205 ERROR [Worker-225] - System.err - at org.eclipse.ui.internal.decorators.LightweightDecoratorManager$LightweightRunnable.run(LightweightDecoratorManager.java:104)
2018-02-22 16:41:15,205 ERROR [Worker-225] - System.err - at org.eclipse.core.runtime.SafeRunner.run(SafeRunner.java:42)
2018-02-22 16:41:15,205 ERROR [Worker-225] - System.err - at org.eclipse.ui.internal.decorators.LightweightDecoratorManager.decorate(LightweightDecoratorManager.java:377)
2018-02-22 16:41:15,205 ERROR [Worker-225] - System.err - at org.eclipse.ui.internal.decorators.LightweightDecoratorManager.getDecorations(LightweightDecoratorManager.java:359)
2018-02-22 16:41:15,205 ERROR [Worker-225] - System.err - at org.eclipse.ui.internal.decorators.DecorationScheduler$1.ensureResultCached(DecorationScheduler.java:347)
2018-02-22 16:41:15,205 ERROR [Worker-225] - System.err - at org.eclipse.ui.internal.decorators.DecorationScheduler$1.run(DecorationScheduler.java:311)
2018-02-22 16:41:15,205 ERROR [Worker-225] - System.err - at org.eclipse.core.internal.jobs.Worker.run(Worker.java:56)
2018-02-22 16:41:15,205 ERROR [Worker-225] - System.err - org.eclipse.core.internal.resources.ResourceException: Project 'gameserver-roleplay-message' is not open.
2018-02-22 16:41:15,206 ERROR [Worker-225] - System.err - at org.eclipse.core.internal.resources.Project.checkAccessible(Project.java:144)
2018-02-22 16:41:15,206 ERROR [Worker-225] - System.err - at org.eclipse.core.internal.resources.Project.getNature(Project.java:401)
2018-02-22 16:41:15,206 ERROR [Worker-225] - System.err - at org.springframework.ide.eclipse.roo.ui.internal.listener.RooProjectDecorator.decorate(RooProjectDecorator.java:57)
2018-02-22 16:41:15,206 ERROR [Worker-225] - System.err - at org.eclipse.ui.internal.decorators.LightweightDecoratorDefinition.decorate(LightweightDecoratorDefinition.java:259)
2018-02-22 16:41:15,206 ERROR [Worker-225] - System.err - at org.eclipse.ui.internal.decorators.LightweightDecoratorManager$LightweightRunnable.run(LightweightDecoratorManager.java:104)
2018-02-22 16:41:15,206 ERROR [Worker-225] - System.err - at org.eclipse.core.runtime.SafeRunner.run(SafeRunner.java:42)
2018-02-22 16:41:15,206 ERROR [Worker-225] - System.err - at org.eclipse.ui.internal.decorators.LightweightDecoratorManager.decorate(LightweightDecoratorManager.java:377)
2018-02-22 16:41:15,206 ERROR [Worker-225] - System.err - at org.eclipse.ui.internal.decorators.LightweightDecoratorManager.getDecorations(LightweightDecoratorManager.java:359)
2018-02-22 16:41:15,206 ERROR [Worker-225] - System.err - at org.eclipse.ui.internal.decorators.DecorationScheduler$1.ensureResultCached(DecorationScheduler.java:347)
2018-02-22 16:41:15,206 ERROR [Worker-225] - System.err - at org.eclipse.ui.internal.decorators.DecorationScheduler$1.run(DecorationScheduler.java:311)
2018-02-22 16:41:15,206 ERROR [Worker-225] - System.err - at org.eclipse.core.internal.jobs.Worker.run(Worker.java:56)
2018-02-23 09:56:29,593 ERROR [Worker-1] - System.err - log4j:WARN No appenders could be found for logger (org.eclipse.xtext.ui.internal.Activator).
2018-02-23 09:56:29,606 ERROR [Worker-1] - System.err - log4j:WARN Please initialize the log4j system properly.
2018-02-23 11:50:34,959 ERROR [Text Viewer Hover Presenter] - System.err - [Fatal Error] :1:1: 前言中不允许有内容。
2018-02-23 11:53:03,942 ERROR [Text Viewer Hover Presenter] - System.err - [Fatal Error] :1:1: 前言中不允许有内容。
2018-02-23 11:54:33,822 ERROR [Text Viewer Hover Presenter] - System.err - [Fatal Error] :1:1: 前言中不允许有内容。
2018-02-23 11:54:59,824 ERROR [Text Viewer Hover Presenter] - System.err - [Fatal Error] :1:1: 前言中不允许有内容。
2018-02-23 11:55:00,338 ERROR [Text Viewer Hover Presenter] - System.err - [Fatal Error] :1:1: 前言中不允许有内容。
2018-02-23 11:55:02,997 ERROR [Text Viewer Hover Presenter] - System.err - [Fatal Error] :1:1: 前言中不允许有内容。
2018-02-23 11:55:11,298 ERROR [Text Viewer Hover Presenter] - System.err - [Fatal Error] :1:1: 前言中不允许有内容。
2018-02-23 11:55:41,920 ERROR [Text Viewer Hover Presenter] - System.err - [Fatal Error] :1:1: 前言中不允许有内容。
2018-02-23 14:12:33,558 ERROR [Text Viewer Hover Presenter] - System.err - [Fatal Error] :1:1: 前言中不允许有内容。
2018-02-23 14:15:14,388 ERROR [Text Viewer Hover Presenter] - System.err - [Fatal Error] :1:1: 前言中不允许有内容。
2018-02-23 14:22:45,462 ERROR [Text Viewer Hover Presenter] - System.err - [Fatal Error] :1:1: 前言中不允许有内容。
2018-02-23 14:29:23,684 ERROR [Text Viewer Hover Presenter] - System.err - [Fatal Error] :1:1: 前言中不允许有内容。
2018-02-23 16:30:22,537 ERROR [OkHttp ConnectionPool] - System.err - 二月 23, 2018 4:30:22 下午 okhttp3.internal.platform.Platform log
警告: A connection to https://repo.maven.apache.org/ was leaked. Did you forget to close a response body? To see where this was allocated, set the OkHttpClient logger level to FINE: Logger.getLogger(OkHttpClient.class.getName()).setLevel(Level.FINE);
2018-02-23 16:30:22,537 ERROR [OkHttp ConnectionPool] - System.err - 二月 23, 2018 4:30:22 下午 okhttp3.internal.platform.Platform log
警告: A connection to https://repo.maven.apache.org/ was leaked. Did you forget to close a response body? To see where this was allocated, set the OkHttpClient logger level to FINE: Logger.getLogger(OkHttpClient.class.getName()).setLevel(Level.FINE);
2018-02-23 16:38:15,228 ERROR [Text Viewer Hover Presenter] - System.err - [Fatal Error] :1:1: 前言中不允许有内容。
2018-02-23 16:38:16,782 ERROR [org.eclipse.wst.sse.ui.internal.reconcile.StructuredRegionProcessor] - System.err - Exception in thread "org.eclipse.wst.sse.ui.internal.reconcile.StructuredRegionProcessor"
2018-02-23 16:38:16,782 ERROR [org.eclipse.wst.sse.ui.internal.reconcile.StructuredRegionProcessor] - System.err - java.lang.NullPointerException
2018-02-23 16:38:16,783 ERROR [org.eclipse.wst.sse.ui.internal.reconcile.StructuredRegionProcessor] - System.err - at org.eclipse.wst.sse.ui.internal.projection.AbstractStructuredFoldingStrategy.getIndexedRegions(AbstractStructuredFoldingStrategy.java:508)
2018-02-23 16:38:16,783 ERROR [org.eclipse.wst.sse.ui.internal.reconcile.StructuredRegionProcessor] - System.err - at org.eclipse.wst.sse.ui.internal.projection.AbstractStructuredFoldingStrategy.reconcile(AbstractStructuredFoldingStrategy.java:183)
2018-02-23 16:38:16,783 ERROR [org.eclipse.wst.sse.ui.internal.reconcile.StructuredRegionProcessor] - System.err - at org.eclipse.wst.sse.ui.internal.reconcile.DocumentRegionProcessor.process(DocumentRegionProcessor.java:330)
2018-02-23 16:38:16,783 ERROR [org.eclipse.wst.sse.ui.internal.reconcile.StructuredRegionProcessor] - System.err - at org.eclipse.wst.sse.ui.internal.reconcile.StructuredRegionProcessor.process(StructuredRegionProcessor.java:258)
2018-02-23 16:38:16,783 ERROR [org.eclipse.wst.sse.ui.internal.reconcile.StructuredRegionProcessor] - System.err - at org.eclipse.wst.sse.ui.internal.reconcile.DirtyRegionProcessor$BackgroundThread.run(DirtyRegionProcessor.java:691)
2018-02-23 16:57:16,071 ERROR [Text Viewer Hover Presenter] - System.err - [Fatal Error] :1:2: 前言中不允许有内容。
2018-02-23 17:08:21,763 ERROR [Text Viewer Hover Presenter] - System.err - [Fatal Error] :1:2: 前言中不允许有内容。
2018-02-23 17:08:24,977 ERROR [Text Viewer Hover Presenter] - System.err - [Fatal Error] :1:2: 前言中不允许有内容。
2018-02-23 17:08:26,407 ERROR [Text Viewer Hover Presenter] - System.err - [Fatal Error] :1:2: 前言中不允许有内容。
2018-02-23 17:08:28,120 ERROR [Text Viewer Hover Presenter] - System.err - [Fatal Error] :1:2: 前言中不允许有内容。
2018-02-23 17:14:28,684 ERROR [Text Viewer Hover Presenter] - System.err - [Fatal Error] :1:2: 前言中不允许有内容。
2018-02-23 17:14:34,040 ERROR [Text Viewer Hover Presenter] - System.err - [Fatal Error] :1:2: 前言中不允许有内容。
2018-02-23 17:14:41,292 ERROR [Text Viewer Hover Presenter] - System.err - [Fatal Error] :1:2: 前言中不允许有内容。
2018-02-23 17:14:43,901 ERROR [Text Viewer Hover Presenter] - System.err - [Fatal Error] :1:2: 前言中不允许有内容。
2018-02-23 17:14:45,743 ERROR [Text Viewer Hover Presenter] - System.err - [Fatal Error] :1:2: 前言中不允许有内容。
2018-02-23 17:14:46,684 ERROR [Text Viewer Hover Presenter] - System.err - [Fatal Error] :1:2: 前言中不允许有内容。
2018-02-24 10:14:47,084 ERROR [org.eclipse.jdt.internal.ui.text.JavaReconciler] - System.err - log4j:WARN No appenders could be found for logger (org.eclipse.xtext.ui.internal.Activator).
2018-02-24 10:14:47,095 ERROR [org.eclipse.jdt.internal.ui.text.JavaReconciler] - System.err - log4j:WARN Please initialize the log4j system properly.
2018-02-24 15:19:11,217 ERROR [org.eclipse.jdt.internal.ui.text.JavaReconciler] - System.err - log4j:WARN No appenders could be found for logger (org.eclipse.xtext.ui.internal.Activator).
2018-02-24 15:19:11,225 ERROR [org.eclipse.jdt.internal.ui.text.JavaReconciler] - System.err - log4j:WARN Please initialize the log4j system properly.
2018-02-26 10:03:30,314 ERROR [org.eclipse.jdt.internal.ui.text.JavaReconciler] - System.err - log4j:WARN No appenders could be found for logger (org.eclipse.xtext.ui.internal.Activator).
2018-02-26 10:03:30,318 ERROR [org.eclipse.jdt.internal.ui.text.JavaReconciler] - System.err - log4j:WARN Please initialize the log4j system properly.
2018-02-26 18:36:48,672 ERROR [org.eclipse.jdt.internal.ui.text.JavaReconciler] - System.err - log4j:WARN No appenders could be found for logger (org.eclipse.xtext.ui.internal.Activator).
2018-02-26 18:36:48,684 ERROR [org.eclipse.jdt.internal.ui.text.JavaReconciler] - System.err - log4j:WARN Please initialize the log4j system properly.
2018-02-27 10:08:09,790 ERROR [org.eclipse.jdt.internal.ui.text.JavaReconciler] - System.err - log4j:WARN No appenders could be found for logger (org.eclipse.xtext.ui.internal.Activator).
2018-02-27 10:08:09,803 ERROR [org.eclipse.jdt.internal.ui.text.JavaReconciler] - System.err - log4j:WARN Please initialize the log4j system properly.
2018-02-28 10:08:49,154 ERROR [Worker-2] - System.err - log4j:WARN No appenders could be found for logger (org.eclipse.xtext.ui.internal.Activator).
2018-02-28 10:08:49,186 ERROR [Worker-2] - System.err - log4j:WARN Please initialize the log4j system properly.
2018-02-28 10:21:26,751 ERROR [org.eclipse.wst.sse.ui.internal.reconcile.StructuredRegionProcessor] - System.err - Exception in thread "org.eclipse.wst.sse.ui.internal.reconcile.StructuredRegionProcessor"
2018-02-28 10:21:26,751 ERROR [org.eclipse.wst.sse.ui.internal.reconcile.StructuredRegionProcessor] - System.err - java.lang.NullPointerException
2018-02-28 10:21:26,751 ERROR [org.eclipse.wst.sse.ui.internal.reconcile.StructuredRegionProcessor] - System.err - at org.eclipse.wst.sse.ui.internal.projection.AbstractStructuredFoldingStrategy.getIndexedRegions(AbstractStructuredFoldingStrategy.java:508)
2018-02-28 10:21:26,751 ERROR [org.eclipse.wst.sse.ui.internal.reconcile.StructuredRegionProcessor] - System.err - at org.eclipse.wst.sse.ui.internal.projection.AbstractStructuredFoldingStrategy.reconcile(AbstractStructuredFoldingStrategy.java:183)
2018-02-28 10:21:26,751 ERROR [org.eclipse.wst.sse.ui.internal.reconcile.StructuredRegionProcessor] - System.err - at org.eclipse.wst.sse.ui.internal.reconcile.DocumentRegionProcessor.process(DocumentRegionProcessor.java:330)
2018-02-28 10:21:26,751 ERROR [org.eclipse.wst.sse.ui.internal.reconcile.StructuredRegionProcessor] - System.err - at org.eclipse.wst.sse.ui.internal.reconcile.StructuredRegionProcessor.process(StructuredRegionProcessor.java:258)
2018-02-28 10:21:26,751 ERROR [org.eclipse.wst.sse.ui.internal.reconcile.StructuredRegionProcessor] - System.err - at org.eclipse.wst.sse.ui.internal.reconcile.DirtyRegionProcessor$BackgroundThread.run(DirtyRegionProcessor.java:691)
2018-03-01 10:25:05,263 ERROR [org.eclipse.jdt.internal.ui.text.JavaReconciler] - System.err - log4j:WARN No appenders could be found for logger (org.eclipse.xtext.ui.internal.Activator).
2018-03-01 10:25:05,270 ERROR [org.eclipse.jdt.internal.ui.text.JavaReconciler] - System.err - log4j:WARN Please initialize the log4j system properly.
2018-03-02 10:17:30,182 ERROR [org.eclipse.jdt.internal.ui.text.JavaReconciler] - System.err - log4j:WARN No appenders could be found for logger (org.eclipse.xtext.ui.internal.Activator).
2018-03-02 10:17:30,188 ERROR [org.eclipse.jdt.internal.ui.text.JavaReconciler] - System.err - log4j:WARN Please initialize the log4j system properly.
2018-03-05 10:21:50,054 ERROR [org.eclipse.jdt.internal.ui.text.JavaReconciler] - System.err - log4j:WARN No appenders could be found for logger (org.eclipse.xtext.ui.internal.Activator).
2018-03-05 10:21:50,064 ERROR [org.eclipse.jdt.internal.ui.text.JavaReconciler] - System.err - log4j:WARN Please initialize the log4j system properly.
2018-03-05 11:10:41,739 ERROR [org.eclipse.jdt.internal.ui.text.JavaReconciler] - System.err - log4j:WARN No appenders could be found for logger (org.eclipse.xtext.ui.internal.Activator).
2018-03-05 11:10:41,748 ERROR [org.eclipse.jdt.internal.ui.text.JavaReconciler] - System.err - log4j:WARN Please initialize the log4j system properly.
2018-03-05 17:03:09,904 ERROR [org.eclipse.jdt.internal.ui.text.JavaReconciler] - System.err - log4j:WARN No appenders could be found for logger (org.eclipse.xtext.ui.internal.Activator).
2018-03-05 17:03:09,941 ERROR [org.eclipse.jdt.internal.ui.text.JavaReconciler] - System.err - log4j:WARN Please initialize the log4j system properly.
2018-03-05 17:22:10,244 ERROR [org.eclipse.jdt.internal.ui.text.JavaReconciler] - System.err - log4j:WARN No appenders could be found for logger (org.eclipse.xtext.ui.internal.Activator).
2018-03-05 17:22:10,245 ERROR [org.eclipse.jdt.internal.ui.text.JavaReconciler] - System.err - log4j:WARN Please initialize the log4j system properly.
2018-03-06 11:28:13,799 ERROR [org.eclipse.jdt.internal.ui.text.JavaReconciler] - System.err - log4j:WARN No appenders could be found for logger (org.eclipse.xtext.ui.internal.Activator).
2018-03-06 11:28:13,809 ERROR [org.eclipse.jdt.internal.ui.text.JavaReconciler] - System.err - log4j:WARN Please initialize the log4j system properly.
2018-03-07 10:53:03,546 ERROR [Worker-12] - System.err - log4j:WARN No appenders could be found for logger (org.eclipse.xtext.ui.internal.Activator).
2018-03-07 10:53:03,554 ERROR [Worker-12] - System.err - log4j:WARN Please initialize the log4j system properly.
2018-03-08 11:44:45,710 ERROR [org.eclipse.jdt.internal.ui.text.JavaReconciler] - System.err - log4j:WARN No appenders could be found for logger (org.eclipse.xtext.ui.internal.Activator).
2018-03-08 11:44:45,718 ERROR [org.eclipse.jdt.internal.ui.text.JavaReconciler] - System.err - log4j:WARN Please initialize the log4j system properly.
2018-03-09 10:27:07,250 ERROR [org.eclipse.jdt.internal.ui.text.JavaReconciler] - System.err - log4j:WARN No appenders could be found for logger (org.eclipse.xtext.ui.internal.Activator).
2018-03-09 10:27:07,262 ERROR [org.eclipse.jdt.internal.ui.text.JavaReconciler] - System.err - log4j:WARN Please initialize the log4j system properly.
2018-03-12 10:00:17,399 ERROR [org.eclipse.jdt.internal.ui.text.JavaReconciler] - System.err - log4j:WARN No appenders could be found for logger (org.eclipse.xtext.ui.internal.Activator).
2018-03-12 10:00:17,403 ERROR [org.eclipse.jdt.internal.ui.text.JavaReconciler] - System.err - log4j:WARN Please initialize the log4j system properly.
2018-03-13 10:01:39,957 ERROR [org.eclipse.jdt.internal.ui.text.JavaReconciler] - System.err - log4j:WARN No appenders could be found for logger (org.eclipse.xtext.ui.internal.Activator).
2018-03-13 10:01:39,968 ERROR [org.eclipse.jdt.internal.ui.text.JavaReconciler] - System.err - log4j:WARN Please initialize the log4j system properly.
2018-03-14 10:54:10,399 ERROR [Worker-14] - System.err - log4j:WARN No appenders could be found for logger (org.eclipse.xtext.ui.internal.Activator).
2018-03-14 10:54:10,404 ERROR [Worker-14] - System.err - log4j:WARN Please initialize the log4j system properly.
2018-03-15 10:03:41,755 ERROR [Worker-1] - System.err - log4j:WARN No appenders could be found for logger (org.eclipse.xtext.ui.internal.Activator).
2018-03-15 10:03:41,784 ERROR [Worker-1] - System.err - log4j:WARN Please initialize the log4j system properly.
2018-03-16 16:12:20,465 ERROR [Worker-11] - System.err - log4j:WARN No appenders could be found for logger (org.eclipse.xtext.ui.internal.Activator).
2018-03-16 16:12:20,466 ERROR [Worker-11] - System.err - log4j:WARN Please initialize the log4j system properly.
2018-03-19 16:19:45,915 ERROR [org.eclipse.jdt.internal.ui.text.JavaReconciler] - System.err - log4j:WARN No appenders could be found for logger (org.eclipse.xtext.ui.internal.Activator).
2018-03-19 16:19:45,921 ERROR [org.eclipse.jdt.internal.ui.text.JavaReconciler] - System.err - log4j:WARN Please initialize the log4j system properly.
2018-03-20 18:54:37,125 ERROR [Worker-1] - System.err - log4j:WARN No appenders could be found for logger (org.eclipse.xtext.ui.internal.Activator).
2018-03-20 18:54:37,135 ERROR [Worker-1] - System.err - log4j:WARN Please initialize the log4j system properly.
2018-03-21 09:48:26,766 ERROR [Thread-18] - System.err - java.net.UnknownHostException: spring.io
2018-03-21 09:48:30,424 ERROR [Thread-18] - System.err - at java.net.Inet6AddressImpl.lookupAllHostAddr(Native Method)
2018-03-21 09:48:30,425 ERROR [Thread-18] - System.err - at java.net.InetAddress$2.lookupAllHostAddr(Unknown Source)
2018-03-21 09:48:30,425 ERROR [Thread-18] - System.err - at java.net.InetAddress.getAddressesFromNameService(Unknown Source)
2018-03-21 09:48:30,425 ERROR [Thread-18] - System.err - at java.net.InetAddress.getAllByName0(Unknown Source)
2018-03-21 09:48:30,425 ERROR [Thread-18] - System.err - at java.net.InetAddress.getAllByName(Unknown Source)
2018-03-21 09:48:30,438 ERROR [Thread-18] - System.err - at java.net.InetAddress.getAllByName(Unknown Source)
2018-03-21 09:48:30,438 ERROR [Thread-18] - System.err - at org.apache.http.impl.conn.SystemDefaultDnsResolver.resolve(SystemDefaultDnsResolver.java:45)
2018-03-21 09:48:30,438 ERROR [Thread-18] - System.err - at org.apache.http.impl.conn.DefaultClientConnectionOperator.resolveHostname(DefaultClientConnectionOperator.java:262)
2018-03-21 09:48:30,438 ERROR [Thread-18] - System.err - at org.apache.http.impl.conn.DefaultClientConnectionOperator.openConnection(DefaultClientConnectionOperator.java:161)
2018-03-21 09:48:30,438 ERROR [Thread-18] - System.err - at org.apache.http.impl.conn.AbstractPoolEntry.open(AbstractPoolEntry.java:144)
2018-03-21 09:48:30,438 ERROR [Thread-18] - System.err - at org.apache.http.impl.conn.AbstractPooledConnAdapter.open(AbstractPooledConnAdapter.java:134)
2018-03-21 09:48:30,438 ERROR [Thread-18] - System.err - at org.apache.http.impl.client.DefaultRequestDirector.tryConnect(DefaultRequestDirector.java:612)
2018-03-21 09:48:30,438 ERROR [Thread-18] - System.err - at org.apache.http.impl.client.DefaultRequestDirector.execute(DefaultRequestDirector.java:447)
2018-03-21 09:48:30,439 ERROR [Thread-18] - System.err - at org.apache.http.impl.client.AbstractHttpClient.doExecute(AbstractHttpClient.java:884)
2018-03-21 09:48:30,439 ERROR [Thread-18] - System.err - at org.apache.http.impl.client.CloseableHttpClient.execute(CloseableHttpClient.java:82)
2018-03-21 09:48:30,439 ERROR [Thread-18] - System.err - at org.eclipse.ecf.provider.filetransfer.httpclient4.HttpClientRetrieveFileTransfer.performConnect(HttpClientRetrieveFileTransfer.java:1084)
2018-03-21 09:48:30,439 ERROR [Thread-18] - System.err - at org.eclipse.ecf.provider.filetransfer.httpclient4.HttpClientRetrieveFileTransfer.access$0(HttpClientRetrieveFileTransfer.java:1075)
2018-03-21 09:48:30,439 ERROR [Thread-18] - System.err - at org.eclipse.ecf.provider.filetransfer.httpclient4.HttpClientRetrieveFileTransfer$1.performFileTransfer(HttpClientRetrieveFileTransfer.java:1071)
2018-03-21 09:48:30,439 ERROR [Thread-18] - System.err - at org.eclipse.ecf.filetransfer.FileTransferJob.run(FileTransferJob.java:74)
2018-03-21 09:48:30,439 ERROR [Thread-18] - System.err - at org.eclipse.core.internal.jobs.Worker.run(Worker.java:56)
2018-03-22 18:01:39,422 ERROR [Worker-0] - System.err - log4j:WARN No appenders could be found for logger (org.eclipse.xtext.ui.internal.Activator).
2018-03-22 18:01:39,430 ERROR [Worker-0] - System.err - log4j:WARN Please initialize the log4j system properly.
2018-03-23 10:42:26,783 ERROR [Worker-3] - System.err - log4j:WARN No appenders could be found for logger (org.eclipse.xtext.ui.internal.Activator).
2018-03-23 10:42:26,792 ERROR [Worker-3] - System.err - log4j:WARN Please initialize the log4j system properly.
2018-03-26 11:36:25,026 ERROR [org.eclipse.jdt.internal.ui.text.JavaReconciler] - System.err - log4j:WARN No appenders could be found for logger (org.eclipse.xtext.ui.internal.Activator).
2018-03-26 11:36:25,036 ERROR [org.eclipse.jdt.internal.ui.text.JavaReconciler] - System.err - log4j:WARN Please initialize the log4j system properly.
2018-03-26 14:28:11,045 ERROR [Worker-1] - System.err - log4j:WARN No appenders could be found for logger (org.eclipse.xtext.ui.internal.Activator).
2018-03-26 14:28:11,046 ERROR [Worker-1] - System.err - log4j:WARN Please initialize the log4j system properly.
2018-03-26 17:01:19,568 ERROR [org.eclipse.jdt.internal.ui.text.JavaReconciler] - System.err - log4j:WARN No appenders could be found for logger (org.eclipse.xtext.ui.internal.Activator).
2018-03-26 17:01:19,585 ERROR [org.eclipse.jdt.internal.ui.text.JavaReconciler] - System.err - log4j:WARN Please initialize the log4j system properly.
2018-03-26 17:47:59,754 ERROR [org.eclipse.jdt.internal.ui.text.JavaReconciler] - System.err - log4j:WARN No appenders could be found for logger (org.eclipse.xtext.ui.internal.Activator).
2018-03-26 17:47:59,767 ERROR [org.eclipse.jdt.internal.ui.text.JavaReconciler] - System.err - log4j:WARN Please initialize the log4j system properly.
2018-03-27 11:26:12,311 ERROR [Worker-11] - System.err - log4j:WARN No appenders could be found for logger (org.eclipse.xtext.ui.internal.Activator).
2018-03-27 11:26:12,321 ERROR [Worker-11] - System.err - log4j:WARN Please initialize the log4j system properly.
2018-03-27 14:14:34,009 ERROR [Worker-10] - System.err - log4j:WARN No appenders could be found for logger (org.eclipse.xtext.ui.internal.Activator).
2018-03-27 14:14:34,036 ERROR [Worker-10] - System.err - log4j:WARN Please initialize the log4j system properly.
2018-03-27 15:33:13,400 ERROR [org.eclipse.jdt.internal.ui.text.JavaReconciler] - System.err - log4j:WARN No appenders could be found for logger (org.eclipse.xtext.ui.internal.Activator).
2018-03-27 15:33:13,402 ERROR [org.eclipse.jdt.internal.ui.text.JavaReconciler] - System.err - log4j:WARN Please initialize the log4j system properly.
2018-03-28 10:16:49,026 ERROR [org.eclipse.jdt.internal.ui.text.JavaReconciler] - System.err - log4j:WARN No appenders could be found for logger (org.eclipse.xtext.ui.internal.Activator).
2018-03-28 10:16:49,031 ERROR [org.eclipse.jdt.internal.ui.text.JavaReconciler] - System.err - log4j:WARN Please initialize the log4j system properly.
2018-03-28 14:49:01,357 ERROR [Worker-11] - System.err - log4j:WARN No appenders could be found for logger (org.eclipse.xtext.ui.internal.Activator).
2018-03-28 14:49:01,369 ERROR [Worker-11] - System.err - log4j:WARN Please initialize the log4j system properly.
